#
# There is insufficient memory for the Java Runtime Environment to continue.
# Native memory allocation (mmap) failed to map 65536 bytes for Failed to commit metaspace.
# Possible reasons:
#   The system is out of physical RAM or swap space
#   The process is running with CompressedOops enabled, and the Java Heap may be blocking the growth of the native heap
# Possible solutions:
#   Reduce memory load on the system
#   Increase physical memory or swap space
#   Check if swap backing store is full
#   Decrease Java heap size (-Xmx/-Xms)
#   Decrease number of Java threads
#   Decrease Java thread stack sizes (-Xss)
#   Set larger code cache with -XX:ReservedCodeCacheSize=
#   JVM is running with Unscaled Compressed Oops mode in which the Java heap is
#     placed in the first 4GB address space. The Java Heap base address is the
#     maximum limit for the native heap growth. Please use -XX:HeapBaseMinAddress
#     to set the Java Heap base and to place the Java Heap above 4GB virtual address.
# This output file may be truncated or incomplete.
#
#  Out of Memory Error (virtualSpaceNode.cpp:110), pid=17796, tid=17868
#
# JRE version: OpenJDK Runtime Environment Temurin-17.0.3+7 (17.0.3+7) (build 17.0.3+7)
# Java VM: OpenJDK 64-Bit Server VM Temurin-17.0.3+7 (17.0.3+7, mixed mode, tiered, compressed oops, compressed class ptrs, g1 gc, windows-amd64)
# No core dump will be written. Minidumps are not enabled by default on client versions of Windows
#

---------------  S U M M A R Y ------------

Command Line: -Dfile.encoding=UTF-8 -XX:+ShowCodeDetailsInExceptionMessages SystemMain

Host: Intel(R) Core(TM) i5-5200U CPU @ 2.20GHz, 4 cores, 3G,  Windows 10 , 64 bit Build 19041 (10.0.19041.3155)
Time: Wed Aug 23 23:54:26 2023 Egypt Daylight Time elapsed time: 0.622751 seconds (0d 0h 0m 0s)

---------------  T H R E A D  ---------------

Current thread (0x0000024b222fe5f0):  JavaThread "main" [_thread_in_vm, id=17868, stack(0x000000f0fd500000,0x000000f0fd600000)]

Stack: [0x000000f0fd500000,0x000000f0fd600000]
Native frames: (J=compiled Java code, j=interpreted, Vv=VM code, C=native code)
V  [jvm.dll+0x675efa]
V  [jvm.dll+0x830a24]
V  [jvm.dll+0x8321ce]
V  [jvm.dll+0x832833]
V  [jvm.dll+0x2454b5]
V  [jvm.dll+0x82c9cb]
V  [jvm.dll+0x61ab26]
V  [jvm.dll+0x61ab8a]
V  [jvm.dll+0x61d3aa]
V  [jvm.dll+0x61b4c6]
V  [jvm.dll+0x23ae70]
V  [jvm.dll+0x1eab7d]
V  [jvm.dll+0x1e05b1]
V  [jvm.dll+0x53bb80]
V  [jvm.dll+0x1f0da7]
V  [jvm.dll+0x7aae5b]
V  [jvm.dll+0x7ac202]
V  [jvm.dll+0x7ac538]
V  [jvm.dll+0x23d79e]
V  [jvm.dll+0x23d9ef]
V  [jvm.dll+0x559208]
V  [jvm.dll+0x55c070]
V  [jvm.dll+0x382dc7]
V  [jvm.dll+0x38241f]
C  0x0000024b259da582

Java frames: (J=compiled Java code, j=interpreted, Vv=VM code)
j  java.lang.Float.parseFloat(Ljava/lang/String;)F+1 java.base@17.0.3
j  java.lang.Float.valueOf(Ljava/lang/String;)Ljava/lang/Float;+5 java.base@17.0.3
j  javax.swing.text.html.CSS$LengthValue.parseCssValue(Ljava/lang/String;)Ljava/lang/Object;+1 java.desktop@17.0.3
j  javax.swing.text.html.CSS.getInternalCSSValue(Ljavax/swing/text/html/CSS$Attribute;Ljava/lang/String;)Ljava/lang/Object;+14 java.desktop@17.0.3
j  javax.swing.text.html.CSS.addInternalCSSValue(Ljavax/swing/text/MutableAttributeSet;Ljavax/swing/text/html/CSS$Attribute;Ljava/lang/String;)V+174 java.desktop@17.0.3
j  javax.swing.text.html.StyleSheet.addCSSAttribute(Ljavax/swing/text/MutableAttributeSet;Ljavax/swing/text/html/CSS$Attribute;Ljava/lang/String;)V+7 java.desktop@17.0.3
j  javax.swing.text.html.StyleSheet$CssParser.handleValue(Ljava/lang/String;)V+78 java.desktop@17.0.3
j  javax.swing.text.html.CSSParser.parseDeclaration()I+89 java.desktop@17.0.3
j  javax.swing.text.html.CSSParser.parseDeclarationBlock()V+1 java.desktop@17.0.3
j  javax.swing.text.html.CSSParser.parseRuleSet()V+17 java.desktop@17.0.3
j  javax.swing.text.html.CSSParser.getNextStatement()Z+95 java.desktop@17.0.3
j  javax.swing.text.html.CSSParser.parse(Ljava/io/Reader;Ljavax/swing/text/html/CSSParser$CSSParserCallback;Z)V+37 java.desktop@17.0.3
j  javax.swing.text.html.StyleSheet$CssParser.parse(Ljava/net/URL;Ljava/io/Reader;ZZ)V+55 java.desktop@17.0.3
j  javax.swing.text.html.StyleSheet.loadRules(Ljava/io/Reader;Ljava/net/URL;)V+14 java.desktop@17.0.3
j  javax.swing.plaf.basic.BasicHTML$BasicEditorKit.getStyleSheet()Ljavax/swing/text/html/StyleSheet;+31 java.desktop@17.0.3
j  javax.swing.plaf.basic.BasicHTML$BasicEditorKit.createDefaultDocument(Ljava/awt/Font;Ljava/awt/Color;)Ljavax/swing/text/Document;+1 java.desktop@17.0.3
j  javax.swing.plaf.basic.BasicHTML.createHTMLView(Ljavax/swing/JComponent;Ljava/lang/String;)Ljavax/swing/text/View;+13 java.desktop@17.0.3
j  javax.swing.plaf.basic.BasicHTML.updateRenderer(Ljavax/swing/JComponent;Ljava/lang/String;)V+40 java.desktop@17.0.3
j  javax.swing.plaf.basic.BasicLabelUI.installComponents(Ljavax/swing/JLabel;)V+5 java.desktop@17.0.3
j  javax.swing.plaf.basic.BasicLabelUI.installUI(Ljavax/swing/JComponent;)V+13 java.desktop@17.0.3
j  javax.swing.JComponent.setUI(Ljavax/swing/plaf/ComponentUI;)V+52 java.desktop@17.0.3
j  javax.swing.JLabel.setUI(Ljavax/swing/plaf/LabelUI;)V+2 java.desktop@17.0.3
j  javax.swing.JLabel.updateUI()V+8 java.desktop@17.0.3
j  javax.swing.JLabel.<init>(Ljava/lang/String;Ljavax/swing/Icon;I)V+83 java.desktop@17.0.3
j  javax.swing.JLabel.<init>(Ljava/lang/String;)V+5 java.desktop@17.0.3
j  WelcomePage.<init>()V+162
j  SystemMain.main([Ljava/lang/String;)V+4
v  ~StubRoutines::call_stub

---------------  P R O C E S S  ---------------

Threads class SMR info:
_java_thread_list=0x0000024b3a3f0b10, length=15, elements={
0x0000024b222fe5f0, 0x0000024b39398c40, 0x0000024b393999c0, 0x0000024b393a6b30,
0x0000024b393f3010, 0x0000024b393f58e0, 0x0000024b393f61a0, 0x0000024b393f9f60,
0x0000024b39403510, 0x0000024b3941ee00, 0x0000024b3a11cb10, 0x0000024b3a12f760,
0x0000024b3a3f0590, 0x0000024b3a3f1270, 0x0000024b3a3f7e00
}

Java Threads: ( => current thread )
=>0x0000024b222fe5f0 JavaThread "main" [_thread_in_vm, id=17868, stack(0x000000f0fd500000,0x000000f0fd600000)]
  0x0000024b39398c40 JavaThread "Reference Handler" daemon [_thread_blocked, id=17936, stack(0x000000f0fdc00000,0x000000f0fdd00000)]
  0x0000024b393999c0 JavaThread "Finalizer" daemon [_thread_blocked, id=17940, stack(0x000000f0fdd00000,0x000000f0fde00000)]
  0x0000024b393a6b30 JavaThread "Signal Dispatcher" daemon [_thread_blocked, id=17948, stack(0x000000f0fde00000,0x000000f0fdf00000)]
  0x0000024b393f3010 JavaThread "Attach Listener" daemon [_thread_blocked, id=17952, stack(0x000000f0fdf00000,0x000000f0fe000000)]
  0x0000024b393f58e0 JavaThread "Service Thread" daemon [_thread_blocked, id=17956, stack(0x000000f0fe000000,0x000000f0fe100000)]
  0x0000024b393f61a0 JavaThread "Monitor Deflation Thread" daemon [_thread_blocked, id=17960, stack(0x000000f0fe100000,0x000000f0fe200000)]
  0x0000024b393f9f60 JavaThread "C2 CompilerThread0" daemon [_thread_blocked, id=17964, stack(0x000000f0fe200000,0x000000f0fe300000)]
  0x0000024b39403510 JavaThread "C1 CompilerThread0" daemon [_thread_blocked, id=17968, stack(0x000000f0fe300000,0x000000f0fe400000)]
  0x0000024b3941ee00 JavaThread "Sweeper thread" daemon [_thread_blocked, id=17972, stack(0x000000f0fe400000,0x000000f0fe500000)]
  0x0000024b3a11cb10 JavaThread "Notification Thread" daemon [_thread_blocked, id=17984, stack(0x000000f0fe500000,0x000000f0fe600000)]
  0x0000024b3a12f760 JavaThread "Common-Cleaner" daemon [_thread_blocked, id=17992, stack(0x000000f0fe700000,0x000000f0fe800000)]
  0x0000024b3a3f0590 JavaThread "Java2D Disposer" daemon [_thread_blocked, id=17996, stack(0x000000f0fe800000,0x000000f0fe900000)]
  0x0000024b3a3f1270 JavaThread "AWT-Shutdown" [_thread_blocked, id=18000, stack(0x000000f0fe900000,0x000000f0fea00000)]
  0x0000024b3a3f7e00 JavaThread "AWT-Windows" daemon [_thread_in_native, id=18004, stack(0x000000f0fea00000,0x000000f0feb00000)]

Other Threads:
  0x0000024b223c3670 VMThread "VM Thread" [stack: 0x000000f0fdb00000,0x000000f0fdc00000] [id=17932]
  0x0000024b3a11eff0 WatcherThread [stack: 0x000000f0fe600000,0x000000f0fe700000] [id=17988]
  0x0000024b22339230 GCTaskThread "GC Thread#0" [stack: 0x000000f0fd600000,0x000000f0fd700000] [id=17896]
  0x0000024b22343570 ConcurrentGCThread "G1 Main Marker" [stack: 0x000000f0fd700000,0x000000f0fd800000] [id=17904]
  0x0000024b22343e90 ConcurrentGCThread "G1 Conc#0" [stack: 0x000000f0fd800000,0x000000f0fd900000] [id=17912]
  0x0000024b22391fb0 ConcurrentGCThread "G1 Refine#0" [stack: 0x000000f0fd900000,0x000000f0fda00000] [id=17916]
  0x0000024b223928e0 ConcurrentGCThread "G1 Service" [stack: 0x000000f0fda00000,0x000000f0fdb00000] [id=17920]

Threads with active compile tasks:

VM state: not at safepoint (normal execution)

VM Mutex/Monitor currently owned by a thread:  ([mutex/lock_event])
[0x0000024b222f5f00] Metaspace_lock - owner thread: 0x0000024b222fe5f0

Heap address: 0x00000000c1600000, size: 1002 MB, Compressed Oops mode: 32-bit

CDS archive(s) not mapped
Compressed class space mapped at: 0x0000000100000000-0x0000000140000000, reserved size: 1073741824
Narrow klass base: 0x0000000000000000, Narrow klass shift: 3, Narrow klass range: 0x140000000

GC Precious Log:
 CPUs: 4 total, 4 available
 Memory: 4007M
 Large Page Support: Disabled
 NUMA Support: Disabled
 Compressed Oops: Enabled (32-bit)
 Heap Region Size: 1M
 Heap Min Capacity: 8M
 Heap Initial Capacity: 64M
 Heap Max Capacity: 1002M
 Pre-touch: Disabled
 Parallel Workers: 4
 Concurrent Workers: 1
 Concurrent Refinement Workers: 4
 Periodic GC: Disabled

Heap:
 garbage-first heap   total 65536K, used 4096K [0x00000000c1600000, 0x0000000100000000)
  region size 1024K, 5 young (5120K), 0 survivors (0K)
 Metaspace       used 11714K, committed 11776K, reserved 1064960K
  class space    used 1182K, committed 1216K, reserved 1048576K

Heap Regions: E=young(eden), S=young(survivor), O=old, HS=humongous(starts), HC=humongous(continues), CS=collection set, F=free, OA=open archive, CA=closed archive, TAMS=top-at-mark-start (previous, next)
|   0|0x00000000c1600000, 0x00000000c1600000, 0x00000000c1700000|  0%| F|  |TAMS 0x00000000c1600000, 0x00000000c1600000| Untracked 
|   1|0x00000000c1700000, 0x00000000c1700000, 0x00000000c1800000|  0%| F|  |TAMS 0x00000000c1700000, 0x00000000c1700000| Untracked 
|   2|0x00000000c1800000, 0x00000000c1800000, 0x00000000c1900000|  0%| F|  |TAMS 0x00000000c1800000, 0x00000000c1800000| Untracked 
|   3|0x00000000c1900000, 0x00000000c1900000, 0x00000000c1a00000|  0%| F|  |TAMS 0x00000000c1900000, 0x00000000c1900000| Untracked 
|   4|0x00000000c1a00000, 0x00000000c1a00000, 0x00000000c1b00000|  0%| F|  |TAMS 0x00000000c1a00000, 0x00000000c1a00000| Untracked 
|   5|0x00000000c1b00000, 0x00000000c1b00000, 0x00000000c1c00000|  0%| F|  |TAMS 0x00000000c1b00000, 0x00000000c1b00000| Untracked 
|   6|0x00000000c1c00000, 0x00000000c1c00000, 0x00000000c1d00000|  0%| F|  |TAMS 0x00000000c1c00000, 0x00000000c1c00000| Untracked 
|   7|0x00000000c1d00000, 0x00000000c1d00000, 0x00000000c1e00000|  0%| F|  |TAMS 0x00000000c1d00000, 0x00000000c1d00000| Untracked 
|   8|0x00000000c1e00000, 0x00000000c1e00000, 0x00000000c1f00000|  0%| F|  |TAMS 0x00000000c1e00000, 0x00000000c1e00000| Untracked 
|   9|0x00000000c1f00000, 0x00000000c1f00000, 0x00000000c2000000|  0%| F|  |TAMS 0x00000000c1f00000, 0x00000000c1f00000| Untracked 
|  10|0x00000000c2000000, 0x00000000c2000000, 0x00000000c2100000|  0%| F|  |TAMS 0x00000000c2000000, 0x00000000c2000000| Untracked 
|  11|0x00000000c2100000, 0x00000000c2100000, 0x00000000c2200000|  0%| F|  |TAMS 0x00000000c2100000, 0x00000000c2100000| Untracked 
|  12|0x00000000c2200000, 0x00000000c2200000, 0x00000000c2300000|  0%| F|  |TAMS 0x00000000c2200000, 0x00000000c2200000| Untracked 
|  13|0x00000000c2300000, 0x00000000c2300000, 0x00000000c2400000|  0%| F|  |TAMS 0x00000000c2300000, 0x00000000c2300000| Untracked 
|  14|0x00000000c2400000, 0x00000000c2400000, 0x00000000c2500000|  0%| F|  |TAMS 0x00000000c2400000, 0x00000000c2400000| Untracked 
|  15|0x00000000c2500000, 0x00000000c2500000, 0x00000000c2600000|  0%| F|  |TAMS 0x00000000c2500000, 0x00000000c2500000| Untracked 
|  16|0x00000000c2600000, 0x00000000c2600000, 0x00000000c2700000|  0%| F|  |TAMS 0x00000000c2600000, 0x00000000c2600000| Untracked 
|  17|0x00000000c2700000, 0x00000000c2700000, 0x00000000c2800000|  0%| F|  |TAMS 0x00000000c2700000, 0x00000000c2700000| Untracked 
|  18|0x00000000c2800000, 0x00000000c2800000, 0x00000000c2900000|  0%| F|  |TAMS 0x00000000c2800000, 0x00000000c2800000| Untracked 
|  19|0x00000000c2900000, 0x00000000c2900000, 0x00000000c2a00000|  0%| F|  |TAMS 0x00000000c2900000, 0x00000000c2900000| Untracked 
|  20|0x00000000c2a00000, 0x00000000c2a00000, 0x00000000c2b00000|  0%| F|  |TAMS 0x00000000c2a00000, 0x00000000c2a00000| Untracked 
|  21|0x00000000c2b00000, 0x00000000c2b00000, 0x00000000c2c00000|  0%| F|  |TAMS 0x00000000c2b00000, 0x00000000c2b00000| Untracked 
|  22|0x00000000c2c00000, 0x00000000c2c00000, 0x00000000c2d00000|  0%| F|  |TAMS 0x00000000c2c00000, 0x00000000c2c00000| Untracked 
|  23|0x00000000c2d00000, 0x00000000c2d00000, 0x00000000c2e00000|  0%| F|  |TAMS 0x00000000c2d00000, 0x00000000c2d00000| Untracked 
|  24|0x00000000c2e00000, 0x00000000c2e00000, 0x00000000c2f00000|  0%| F|  |TAMS 0x00000000c2e00000, 0x00000000c2e00000| Untracked 
|  25|0x00000000c2f00000, 0x00000000c2f00000, 0x00000000c3000000|  0%| F|  |TAMS 0x00000000c2f00000, 0x00000000c2f00000| Untracked 
|  26|0x00000000c3000000, 0x00000000c3000000, 0x00000000c3100000|  0%| F|  |TAMS 0x00000000c3000000, 0x00000000c3000000| Untracked 
|  27|0x00000000c3100000, 0x00000000c3100000, 0x00000000c3200000|  0%| F|  |TAMS 0x00000000c3100000, 0x00000000c3100000| Untracked 
|  28|0x00000000c3200000, 0x00000000c3200000, 0x00000000c3300000|  0%| F|  |TAMS 0x00000000c3200000, 0x00000000c3200000| Untracked 
|  29|0x00000000c3300000, 0x00000000c3300000, 0x00000000c3400000|  0%| F|  |TAMS 0x00000000c3300000, 0x00000000c3300000| Untracked 
|  30|0x00000000c3400000, 0x00000000c3400000, 0x00000000c3500000|  0%| F|  |TAMS 0x00000000c3400000, 0x00000000c3400000| Untracked 
|  31|0x00000000c3500000, 0x00000000c3500000, 0x00000000c3600000|  0%| F|  |TAMS 0x00000000c3500000, 0x00000000c3500000| Untracked 
|  32|0x00000000c3600000, 0x00000000c3600000, 0x00000000c3700000|  0%| F|  |TAMS 0x00000000c3600000, 0x00000000c3600000| Untracked 
|  33|0x00000000c3700000, 0x00000000c3700000, 0x00000000c3800000|  0%| F|  |TAMS 0x00000000c3700000, 0x00000000c3700000| Untracked 
|  34|0x00000000c3800000, 0x00000000c3800000, 0x00000000c3900000|  0%| F|  |TAMS 0x00000000c3800000, 0x00000000c3800000| Untracked 
|  35|0x00000000c3900000, 0x00000000c3900000, 0x00000000c3a00000|  0%| F|  |TAMS 0x00000000c3900000, 0x00000000c3900000| Untracked 
|  36|0x00000000c3a00000, 0x00000000c3a00000, 0x00000000c3b00000|  0%| F|  |TAMS 0x00000000c3a00000, 0x00000000c3a00000| Untracked 
|  37|0x00000000c3b00000, 0x00000000c3b00000, 0x00000000c3c00000|  0%| F|  |TAMS 0x00000000c3b00000, 0x00000000c3b00000| Untracked 
|  38|0x00000000c3c00000, 0x00000000c3c00000, 0x00000000c3d00000|  0%| F|  |TAMS 0x00000000c3c00000, 0x00000000c3c00000| Untracked 
|  39|0x00000000c3d00000, 0x00000000c3d00000, 0x00000000c3e00000|  0%| F|  |TAMS 0x00000000c3d00000, 0x00000000c3d00000| Untracked 
|  40|0x00000000c3e00000, 0x00000000c3e00000, 0x00000000c3f00000|  0%| F|  |TAMS 0x00000000c3e00000, 0x00000000c3e00000| Untracked 
|  41|0x00000000c3f00000, 0x00000000c3f00000, 0x00000000c4000000|  0%| F|  |TAMS 0x00000000c3f00000, 0x00000000c3f00000| Untracked 
|  42|0x00000000c4000000, 0x00000000c4000000, 0x00000000c4100000|  0%| F|  |TAMS 0x00000000c4000000, 0x00000000c4000000| Untracked 
|  43|0x00000000c4100000, 0x00000000c4100000, 0x00000000c4200000|  0%| F|  |TAMS 0x00000000c4100000, 0x00000000c4100000| Untracked 
|  44|0x00000000c4200000, 0x00000000c4200000, 0x00000000c4300000|  0%| F|  |TAMS 0x00000000c4200000, 0x00000000c4200000| Untracked 
|  45|0x00000000c4300000, 0x00000000c4300000, 0x00000000c4400000|  0%| F|  |TAMS 0x00000000c4300000, 0x00000000c4300000| Untracked 
|  46|0x00000000c4400000, 0x00000000c4400000, 0x00000000c4500000|  0%| F|  |TAMS 0x00000000c4400000, 0x00000000c4400000| Untracked 
|  47|0x00000000c4500000, 0x00000000c4500000, 0x00000000c4600000|  0%| F|  |TAMS 0x00000000c4500000, 0x00000000c4500000| Untracked 
|  48|0x00000000c4600000, 0x00000000c4600000, 0x00000000c4700000|  0%| F|  |TAMS 0x00000000c4600000, 0x00000000c4600000| Untracked 
|  49|0x00000000c4700000, 0x00000000c4700000, 0x00000000c4800000|  0%| F|  |TAMS 0x00000000c4700000, 0x00000000c4700000| Untracked 
|  50|0x00000000c4800000, 0x00000000c4800000, 0x00000000c4900000|  0%| F|  |TAMS 0x00000000c4800000, 0x00000000c4800000| Untracked 
|  51|0x00000000c4900000, 0x00000000c4900000, 0x00000000c4a00000|  0%| F|  |TAMS 0x00000000c4900000, 0x00000000c4900000| Untracked 
|  52|0x00000000c4a00000, 0x00000000c4a00000, 0x00000000c4b00000|  0%| F|  |TAMS 0x00000000c4a00000, 0x00000000c4a00000| Untracked 
|  53|0x00000000c4b00000, 0x00000000c4b00000, 0x00000000c4c00000|  0%| F|  |TAMS 0x00000000c4b00000, 0x00000000c4b00000| Untracked 
|  54|0x00000000c4c00000, 0x00000000c4c00000, 0x00000000c4d00000|  0%| F|  |TAMS 0x00000000c4c00000, 0x00000000c4c00000| Untracked 
|  55|0x00000000c4d00000, 0x00000000c4d00000, 0x00000000c4e00000|  0%| F|  |TAMS 0x00000000c4d00000, 0x00000000c4d00000| Untracked 
|  56|0x00000000c4e00000, 0x00000000c4e00000, 0x00000000c4f00000|  0%| F|  |TAMS 0x00000000c4e00000, 0x00000000c4e00000| Untracked 
|  57|0x00000000c4f00000, 0x00000000c4f00000, 0x00000000c5000000|  0%| F|  |TAMS 0x00000000c4f00000, 0x00000000c4f00000| Untracked 
|  58|0x00000000c5000000, 0x00000000c5000000, 0x00000000c5100000|  0%| F|  |TAMS 0x00000000c5000000, 0x00000000c5000000| Untracked 
|  59|0x00000000c5100000, 0x00000000c5143220, 0x00000000c5200000| 26%| E|  |TAMS 0x00000000c5100000, 0x00000000c5100000| Complete 
|  60|0x00000000c5200000, 0x00000000c5300000, 0x00000000c5300000|100%| E|CS|TAMS 0x00000000c5200000, 0x00000000c5200000| Complete 
|  61|0x00000000c5300000, 0x00000000c5400000, 0x00000000c5400000|100%| E|CS|TAMS 0x00000000c5300000, 0x00000000c5300000| Complete 
|  62|0x00000000c5400000, 0x00000000c5500000, 0x00000000c5500000|100%| E|CS|TAMS 0x00000000c5400000, 0x00000000c5400000| Complete 
|  63|0x00000000c5500000, 0x00000000c5600000, 0x00000000c5600000|100%| E|CS|TAMS 0x00000000c5500000, 0x00000000c5500000| Complete 

Card table byte_map: [0x0000024b34bc0000,0x0000024b34dc0000] _byte_map_base: 0x0000024b345b5000

Marking Bits (Prev, Next): (CMBitMap*) 0x0000024b2233a760, (CMBitMap*) 0x0000024b2233a7a0
 Prev Bits: [0x0000024b34fc0000, 0x0000024b35f68000)
 Next Bits: [0x0000024b35f70000, 0x0000024b36f18000)

Polling page: 0x0000024b21ae0000

Metaspace:

Usage:
  Non-class:     10.29 MB used.
      Class:      1.15 MB used.
       Both:     11.44 MB used.

Virtual space:
  Non-class space:       16.00 MB reserved,      10.31 MB ( 64%) committed,  2 nodes.
      Class space:        1.00 GB reserved,       1.19 MB ( <1%) committed,  1 nodes.
             Both:        1.02 GB reserved,      11.50 MB (  1%) committed. 

Chunk freelists:
   Non-Class:  1.00 MB
       Class:  2.75 MB
        Both:  3.75 MB

MaxMetaspaceSize: unlimited
CompressedClassSpaceSize: 1.00 GB
Initial GC threshold: 21.00 MB
Current GC threshold: 21.00 MB
CDS: off
MetaspaceReclaimPolicy: balanced
 - commit_granule_bytes: 65536.
 - commit_granule_words: 8192.
 - virtual_space_node_default_size: 1048576.
 - enlarge_chunks_in_place: 1.
 - new_chunks_are_fully_committed: 0.
 - uncommit_free_chunks: 1.
 - use_allocation_guard: 0.
 - handle_deallocations: 1.


Internal statistics:

num_allocs_failed_limit: 0.
num_arena_births: 88.
num_arena_deaths: 0.
num_vsnodes_births: 3.
num_vsnodes_deaths: 0.
num_space_committed: 184.
num_space_uncommitted: 0.
num_chunks_returned_to_freelist: 0.
num_chunks_taken_from_freelist: 136.
num_chunk_merges: 0.
num_chunk_splits: 72.
num_chunks_enlarged: 35.
num_purges: 0.
num_inconsistent_stats: 0.

CodeHeap 'non-profiled nmethods': size=120000Kb used=130Kb max_used=130Kb free=119870Kb
 bounds [0x0000024b2d490000, 0x0000024b2d700000, 0x0000024b349c0000]
CodeHeap 'profiled nmethods': size=120000Kb used=745Kb max_used=745Kb free=119255Kb
 bounds [0x0000024b25f60000, 0x0000024b261d0000, 0x0000024b2d490000]
CodeHeap 'non-nmethods': size=5760Kb used=1197Kb max_used=1211Kb free=4562Kb
 bounds [0x0000024b259c0000, 0x0000024b25c30000, 0x0000024b25f60000]
 total_blobs=1001 nmethods=498 adapters=416
 compilation: enabled
              stopped_count=0, restarted_count=0
 full_count=0

Compilation events (20 events):
Event: 0.612 Thread 0x0000024b39403510  489       3       java.lang.invoke.DirectMethodHandle$Holder::invokeStatic (17 bytes)
Event: 0.612 Thread 0x0000024b39403510 nmethod 489 0x0000024b26017310 code [0x0000024b260174e0, 0x0000024b26017958]
Event: 0.612 Thread 0x0000024b39403510  490       3       java.lang.invoke.LambdaForm$MH/0x00000001000c0400::invoke (32 bytes)
Event: 0.612 Thread 0x0000024b39403510 nmethod 490 0x0000024b26017a90 code [0x0000024b26017c60, 0x0000024b260180f8]
Event: 0.612 Thread 0x0000024b39403510  491       3       java.lang.invoke.DirectMethodHandle$Holder::invokeStatic (21 bytes)
Event: 0.612 Thread 0x0000024b39403510 nmethod 491 0x0000024b26018210 code [0x0000024b260183e0, 0x0000024b260188b8]
Event: 0.612 Thread 0x0000024b39403510  492       3       java.lang.StringConcatHelper::prepend (22 bytes)
Event: 0.612 Thread 0x0000024b39403510 nmethod 492 0x0000024b26018a10 code [0x0000024b26018bc0, 0x0000024b26018d58]
Event: 0.612 Thread 0x0000024b39403510  493       1       javax.swing.text.html.HTML$Attribute::toString (5 bytes)
Event: 0.613 Thread 0x0000024b39403510 nmethod 493 0x0000024b2d4aff10 code [0x0000024b2d4b00a0, 0x0000024b2d4b0178]
Event: 0.616 Thread 0x0000024b39403510  494       3       java.lang.invoke.DirectMethodHandle$Holder::invokeStatic (17 bytes)
Event: 0.616 Thread 0x0000024b393f9f60  498       4       java.lang.String::toString (2 bytes)
Event: 0.616 Thread 0x0000024b39403510 nmethod 494 0x0000024b26018e10 code [0x0000024b26018fe0, 0x0000024b260194b8]
Event: 0.616 Thread 0x0000024b39403510  495       3       java.lang.invoke.DelegatingMethodHandle$Holder::reinvoke_L (20 bytes)
Event: 0.616 Thread 0x0000024b39403510 nmethod 495 0x0000024b26019610 code [0x0000024b260197e0, 0x0000024b26019c18]
Event: 0.616 Thread 0x0000024b39403510  496       3       java.lang.invoke.DirectMethodHandle$Holder::invokeStatic (14 bytes)
Event: 0.616 Thread 0x0000024b393f9f60 nmethod 498 0x0000024b2d4b0210 code [0x0000024b2d4b0380, 0x0000024b2d4b03f8]
Event: 0.616 Thread 0x0000024b39403510 nmethod 496 0x0000024b26019d10 code [0x0000024b26019ee0, 0x0000024b2601a318]
Event: 0.616 Thread 0x0000024b39403510  497       1       javax.swing.text.html.CSS$Attribute::toString (5 bytes)
Event: 0.617 Thread 0x0000024b39403510 nmethod 497 0x0000024b2d4b0510 code [0x0000024b2d4b06a0, 0x0000024b2d4b0778]

GC Heap History (0 events):
No events

Deoptimization events (0 events):
No events

Classes unloaded (0 events):
No events

Classes redefined (0 events):
No events

Internal exceptions (10 events):
Event: 0.297 Thread 0x0000024b222fe5f0 Exception <a 'java/lang/ClassNotFoundException'{0x00000000c544e578}: sun/awt/resources/spi/awtProvider> (0x00000000c544e578) 
thrown [e:\jenkins\tmp\workspace\build\src\src\hotspot\share\classfile\systemDictionary.cpp, line 256]
Event: 0.354 Thread 0x0000024b222fe5f0 Exception <a 'java/io/FileNotFoundException'{0x00000000c54a8e58}> (0x00000000c54a8e58) 
thrown [e:\jenkins\tmp\workspace\build\src\src\hotspot\share\prims\jni.cpp, line 516]
Event: 0.369 Thread 0x0000024b222fe5f0 Exception <a 'java/io/FileNotFoundException'{0x00000000c54d6050}> (0x00000000c54d6050) 
thrown [e:\jenkins\tmp\workspace\build\src\src\hotspot\share\prims\jni.cpp, line 516]
Event: 0.448 Thread 0x0000024b222fe5f0 Exception <a 'java/lang/NoSuchMethodError'{0x00000000c5327610}: 'java.lang.Object java.lang.invoke.DirectMethodHandle$Holder.invokeStaticInit(java.lang.Object)'> (0x00000000c5327610) 
thrown [e:\jenkins\tmp\workspace\build\src\src\hotspot\share\interpreter\linkResolver.cpp, line 766]
Event: 0.494 Thread 0x0000024b222fe5f0 Exception <a 'java/lang/NoSuchMethodError'{0x00000000c53b4060}: 'void java.lang.invoke.DirectMethodHandle$Holder.invokeSpecial(java.lang.Object, java.lang.Object, java.lang.Object)'> (0x00000000c53b4060) 
thrown [e:\jenkins\tmp\workspace\build\src\src\hotspot\share\interpreter\linkResolver.cpp, line 766]
Event: 0.507 Thread 0x0000024b222fe5f0 Exception <a 'java/lang/NoSuchMethodError'{0x00000000c53de3c8}: 'java.lang.Object java.lang.invoke.DirectMethodHandle$Holder.newInvokeSpecial(java.lang.Object, java.lang.Object, java.lang.Object, java.lang.Object, java.lang.Object)'> (0x00000000c53de3c8) 
thrown [e:\jenkins\tmp\workspace\build\src\src\hotspot\share\interpreter\linkResolver.cpp, line 766]
Event: 0.510 Thread 0x0000024b222fe5f0 Exception <a 'java/lang/NoSuchMethodError'{0x00000000c53e9d90}: 'java.lang.Object java.lang.invoke.DirectMethodHandle$Holder.invokeStatic(java.lang.Object, int, java.lang.Object, java.lang.Object, java.lang.Object, java.lang.Object)'> (0x00000000c53e9d90) 
thrown [e:\jenkins\tmp\workspace\build\src\src\hotspot\share\interpreter\linkResolver.cpp, line 766]
Event: 0.518 Thread 0x0000024b222fe5f0 Exception <a 'java/lang/NoSuchMethodError'{0x00000000c520f9e0}: 'java.lang.Object java.lang.invoke.DirectMethodHandle$Holder.invokeStatic(java.lang.Object, int, java.lang.Object)'> (0x00000000c520f9e0) 
thrown [e:\jenkins\tmp\workspace\build\src\src\hotspot\share\interpreter\linkResolver.cpp, line 766]
Event: 0.560 Thread 0x0000024b222fe5f0 Exception <a 'java/lang/ClassNotFoundException'{0x00000000c52c79e8}: com/sun/swing/internal/plaf/metal/resources/spi/metalProvider> (0x00000000c52c79e8) 
thrown [e:\jenkins\tmp\workspace\build\src\src\hotspot\share\classfile\systemDictionary.cpp, line 256]
Event: 0.561 Thread 0x0000024b222fe5f0 Exception <a 'java/lang/ClassNotFoundException'{0x00000000c52cbab0}: com/sun/swing/internal/plaf/basic/resources/spi/basicProvider> (0x00000000c52cbab0) 
thrown [e:\jenkins\tmp\workspace\build\src\src\hotspot\share\classfile\systemDictionary.cpp, line 256]

VM Operations (6 events):
Event: 0.559 Executing VM operation: HandshakeAllThreads
Event: 0.559 Executing VM operation: HandshakeAllThreads done
Event: 0.595 Executing VM operation: HandshakeAllThreads
Event: 0.595 Executing VM operation: HandshakeAllThreads done
Event: 0.599 Executing VM operation: HandshakeAllThreads
Event: 0.599 Executing VM operation: HandshakeAllThreads done

Events (20 events):
Event: 0.617 loading class javax/swing/text/html/CSS$BackgroundImage done
Event: 0.617 loading class javax/swing/text/html/CSS$BackgroundPosition
Event: 0.617 loading class javax/swing/text/html/CSS$BackgroundPosition done
Event: 0.617 loading class javax/swing/text/html/StyleSheet$SmallConversionSet
Event: 0.617 loading class javax/swing/text/html/StyleSheet$SmallConversionSet done
Event: 0.617 loading class javax/swing/text/html/StyleSheet$SelectorMapping
Event: 0.617 loading class javax/swing/text/html/StyleSheet$SelectorMapping done
Event: 0.617 loading class java/io/StringReader
Event: 0.618 loading class java/io/Reader
Event: 0.618 loading class java/lang/Readable
Event: 0.618 loading class java/lang/Readable done
Event: 0.618 loading class java/io/Reader done
Event: 0.618 loading class java/io/StringReader done
Event: 0.618 loading class javax/swing/text/html/StyleSheet$CssParser
Event: 0.618 loading class javax/swing/text/html/CSSParser$CSSParserCallback
Event: 0.618 loading class javax/swing/text/html/CSSParser$CSSParserCallback done
Event: 0.618 loading class javax/swing/text/html/StyleSheet$CssParser done
Event: 0.618 loading class javax/swing/text/html/CSSParser
Event: 0.618 loading class javax/swing/text/html/CSSParser done
Event: 0.618 loading class jdk/internal/math/FloatingDecimal


Dynamic libraries:
0x00007ff761fb0000 - 0x00007ff761fbe000 	C:\Users\user\.p2\pool\plugins\org.eclipse.justj.openjdk.hotspot.jre.full.win32.x86_64_17.0.3.v20220515-1416\jre\bin\javaw.exe
0x00007ffe88270000 - 0x00007ffe88468000 	C:\Windows\SYSTEM32\ntdll.dll
0x00007ffe87420000 - 0x00007ffe874df000 	C:\Windows\System32\KERNEL32.DLL
0x00007ffe85c40000 - 0x00007ffe85f36000 	C:\Windows\System32\KERNELBASE.dll
0x00007ffe86110000 - 0x00007ffe86210000 	C:\Windows\System32\ucrtbase.dll
0x00007ffe831a0000 - 0x00007ffe831b8000 	C:\Users\user\.p2\pool\plugins\org.eclipse.justj.openjdk.hotspot.jre.full.win32.x86_64_17.0.3.v20220515-1416\jre\bin\jli.dll
0x00007ffe87760000 - 0x00007ffe878fd000 	C:\Windows\System32\USER32.dll
0x00007ffe85bc0000 - 0x00007ffe85be2000 	C:\Windows\System32\win32u.dll
0x00007ffe863b0000 - 0x00007ffe863dc000 	C:\Windows\System32\GDI32.dll
0x00007ffe85950000 - 0x00007ffe85a65000 	C:\Windows\System32\gdi32full.dll
0x00007ffe85a70000 - 0x00007ffe85b0d000 	C:\Windows\System32\msvcp_win.dll
0x00007ffe801b0000 - 0x00007ffe801c9000 	C:\Users\user\.p2\pool\plugins\org.eclipse.justj.openjdk.hotspot.jre.full.win32.x86_64_17.0.3.v20220515-1416\jre\bin\VCRUNTIME140.dll
0x00007ffe777e0000 - 0x00007ffe77a7a000 	C:\Windows\WinSxS\amd64_microsoft.windows.common-controls_6595b64144ccf1df_6.0.19041.1110_none_60b5254171f9507e\COMCTL32.dll
0x00007ffe876c0000 - 0x00007ffe8775e000 	C:\Windows\System32\msvcrt.dll
0x00007ffe88190000 - 0x00007ffe881c0000 	C:\Windows\System32\IMM32.DLL
0x00007ffe80250000 - 0x00007ffe8025c000 	C:\Users\user\.p2\pool\plugins\org.eclipse.justj.openjdk.hotspot.jre.full.win32.x86_64_17.0.3.v20220515-1416\jre\bin\vcruntime140_1.dll
0x00007ffe692c0000 - 0x00007ffe69351000 	C:\Users\user\.p2\pool\plugins\org.eclipse.justj.openjdk.hotspot.jre.full.win32.x86_64_17.0.3.v20220515-1416\jre\bin\msvcp140.dll
0x00007ffe3e8b0000 - 0x00007ffe3f4f8000 	C:\Users\user\.p2\pool\plugins\org.eclipse.justj.openjdk.hotspot.jre.full.win32.x86_64_17.0.3.v20220515-1416\jre\bin\server\jvm.dll
0x00007ffe86400000 - 0x00007ffe864af000 	C:\Windows\System32\ADVAPI32.dll
0x00007ffe86810000 - 0x00007ffe868ac000 	C:\Windows\System32\sechost.dll
0x00007ffe865c0000 - 0x00007ffe866e6000 	C:\Windows\System32\RPCRT4.dll
0x00007ffe88220000 - 0x00007ffe88228000 	C:\Windows\System32\PSAPI.DLL
0x00007ffe74740000 - 0x00007ffe74749000 	C:\Windows\SYSTEM32\WSOCK32.dll
0x00007ffe872a0000 - 0x00007ffe8730b000 	C:\Windows\System32\WS2_32.dll
0x00007ffe78790000 - 0x00007ffe787b7000 	C:\Windows\SYSTEM32\WINMM.dll
0x00007ffe7d390000 - 0x00007ffe7d39a000 	C:\Windows\SYSTEM32\VERSION.dll
0x00007ffe83800000 - 0x00007ffe83812000 	C:\Windows\SYSTEM32\kernel.appcore.dll
0x00007ffe61120000 - 0x00007ffe6112a000 	C:\Users\user\.p2\pool\plugins\org.eclipse.justj.openjdk.hotspot.jre.full.win32.x86_64_17.0.3.v20220515-1416\jre\bin\jimage.dll
0x00007ffe7edd0000 - 0x00007ffe7efb4000 	C:\Windows\SYSTEM32\DBGHELP.DLL
0x00007ffe7ecd0000 - 0x00007ffe7ed04000 	C:\Windows\SYSTEM32\dbgcore.DLL
0x00007ffe86240000 - 0x00007ffe862c2000 	C:\Windows\System32\bcryptPrimitives.dll
0x00007ffe60de0000 - 0x00007ffe60e05000 	C:\Users\user\.p2\pool\plugins\org.eclipse.justj.openjdk.hotspot.jre.full.win32.x86_64_17.0.3.v20220515-1416\jre\bin\java.dll
0x00007ffe53950000 - 0x00007ffe53968000 	C:\Users\user\.p2\pool\plugins\org.eclipse.justj.openjdk.hotspot.jre.full.win32.x86_64_17.0.3.v20220515-1416\jre\bin\zip.dll
0x00007ffe87900000 - 0x00007ffe88044000 	C:\Windows\System32\SHELL32.dll
0x00007ffe83a00000 - 0x00007ffe84194000 	C:\Windows\SYSTEM32\windows.storage.dll
0x00007ffe86d90000 - 0x00007ffe870e4000 	C:\Windows\System32\combase.dll
0x00007ffe852c0000 - 0x00007ffe852ee000 	C:\Windows\SYSTEM32\Wldp.dll
0x00007ffe86510000 - 0x00007ffe865bd000 	C:\Windows\System32\SHCORE.dll
0x00007ffe88130000 - 0x00007ffe88185000 	C:\Windows\System32\shlwapi.dll
0x00007ffe85880000 - 0x00007ffe858a5000 	C:\Windows\SYSTEM32\profapi.dll
0x00007ffe49610000 - 0x00007ffe49629000 	C:\Users\user\.p2\pool\plugins\org.eclipse.justj.openjdk.hotspot.jre.full.win32.x86_64_17.0.3.v20220515-1416\jre\bin\net.dll
0x00007ffe7c220000 - 0x00007ffe7c32a000 	C:\Windows\SYSTEM32\WINHTTP.dll
0x00007ffe85020000 - 0x00007ffe8508a000 	C:\Windows\system32\mswsock.dll
0x00007ffe3fd00000 - 0x00007ffe3fd15000 	C:\Users\user\.p2\pool\plugins\org.eclipse.justj.openjdk.hotspot.jre.full.win32.x86_64_17.0.3.v20220515-1416\jre\bin\nio.dll
0x00007ffe69130000 - 0x00007ffe692be000 	C:\Users\user\.p2\pool\plugins\org.eclipse.justj.openjdk.hotspot.jre.full.win32.x86_64_17.0.3.v20220515-1416\jre\bin\awt.dll
0x00007ffe862e0000 - 0x00007ffe863ad000 	C:\Windows\System32\OLEAUT32.dll
0x00007ffe83050000 - 0x00007ffe830e1000 	C:\Windows\SYSTEM32\apphelp.dll
0x00007ffe836f0000 - 0x00007ffe8371f000 	C:\Windows\system32\DWMAPI.DLL
0x00007ffe83310000 - 0x00007ffe833ae000 	C:\Windows\system32\uxtheme.dll
0x00007ffe65380000 - 0x00007ffe654a5000 	C:\Windows\system32\opengl32.dll
0x00007ffe6eeb0000 - 0x00007ffe6eedc000 	C:\Windows\SYSTEM32\GLU32.dll
0x00007ffe866f0000 - 0x00007ffe86804000 	C:\Windows\System32\MSCTF.dll
0x00007ffe87590000 - 0x00007ffe876ba000 	C:\Windows\System32\ole32.dll

dbghelp: loaded successfully - version: 4.0.5 - missing functions: none
symbol engine: initialized successfully - sym options: 0x614 - pdb path: .;C:\Users\user\.p2\pool\plugins\org.eclipse.justj.openjdk.hotspot.jre.full.win32.x86_64_17.0.3.v20220515-1416\jre\bin;C:\Windows\SYSTEM32;C:\Windows\WinSxS\amd64_microsoft.windows.common-controls_6595b64144ccf1df_6.0.19041.1110_none_60b5254171f9507e;C:\Users\user\.p2\pool\plugins\org.eclipse.justj.openjdk.hotspot.jre.full.win32.x86_64_17.0.3.v20220515-1416\jre\bin\server

VM Arguments:
jvm_args: -Dfile.encoding=UTF-8 -XX:+ShowCodeDetailsInExceptionMessages 
java_command: SystemMain
java_class_path (initial): C:\Users\user\eclipse-workspace\TSystem\bin;C:\Users\user\Downloads\ojdbc14.jar
Launcher Type: SUN_STANDARD

[Global flags]
     intx CICompilerCount                          = 3                                         {product} {ergonomic}
     uint ConcGCThreads                            = 1                                         {product} {ergonomic}
     uint G1ConcRefinementThreads                  = 4                                         {product} {ergonomic}
   size_t G1HeapRegionSize                         = 1048576                                   {product} {ergonomic}
    uintx GCDrainStackTargetSize                   = 64                                        {product} {ergonomic}
   size_t InitialHeapSize                          = 67108864                                  {product} {ergonomic}
   size_t MarkStackSize                            = 4194304                                   {product} {ergonomic}
   size_t MaxHeapSize                              = 1050673152                                {product} {ergonomic}
   size_t MaxNewSize                               = 630194176                                 {product} {ergonomic}
   size_t MinHeapDeltaBytes                        = 1048576                                   {product} {ergonomic}
   size_t MinHeapSize                              = 8388608                                   {product} {ergonomic}
    uintx NonNMethodCodeHeapSize                   = 5832780                                {pd product} {ergonomic}
    uintx NonProfiledCodeHeapSize                  = 122912730                              {pd product} {ergonomic}
    uintx ProfiledCodeHeapSize                     = 122912730                              {pd product} {ergonomic}
    uintx ReservedCodeCacheSize                    = 251658240                              {pd product} {ergonomic}
     bool SegmentedCodeCache                       = true                                      {product} {ergonomic}
     bool ShowCodeDetailsInExceptionMessages       = true                                   {manageable} {command line}
   size_t SoftMaxHeapSize                          = 1050673152                             {manageable} {ergonomic}
     bool UseCompressedClassPointers               = true                           {product lp64_product} {ergonomic}
     bool UseCompressedOops                        = true                           {product lp64_product} {ergonomic}
     bool UseG1GC                                  = true                                      {product} {ergonomic}
     bool UseLargePagesIndividualAllocation        = false                                  {pd product} {ergonomic}

Logging:
Log output configuration:
 #0: stdout all=warning uptime,level,tags
 #1: stderr all=off uptime,level,tags

Environment Variables:
PATH=C:/Users/user/.p2/pool/plugins/org.eclipse.justj.openjdk.hotspot.jre.full.win32.x86_64_17.0.3.v20220515-1416/jre/bin/server;C:/Users/user/.p2/pool/plugins/org.eclipse.justj.openjdk.hotspot.jre.full.win32.x86_64_17.0.3.v20220515-1416/jre/bin;C:\oraclexe\app\oracle\product\11.2.0\server\bin;C:\Users\user\AppData\Local\Temp\Temp4_WINDOWS.X64_193000_db_home.zip\bin;C:\ProgramData\Oracle\Java\javapath;C:\Program Files (x86)\Common Files\Oracle\Java\javapath;C:\Windows\system32;C:\Windows;C:\Windows\System32\Wbem;C:\Windows\System32\WindowsPowerShell\v1.0\;C:\Windows\System32\OpenSSH\;C:\Program Files (x86)\Git\cmd;C:\Users\user\AppData\Local\Microsoft\WindowsApps;;C:\Users\user\Desktop;
USERNAME=user
OS=Windows_NT
PROCESSOR_IDENTIFIER=Intel64 Family 6 Model 61 Stepping 4, GenuineIntel



---------------  S Y S T E M  ---------------

OS:
 Windows 10 , 64 bit Build 19041 (10.0.19041.3155)
OS uptime: 1 days 23:58 hours

CPU: total 4 (initial active 4) (2 cores per cpu, 2 threads per core) family 6 model 61 stepping 4 microcode 0x2d, cx8, cmov, fxsr, ht, mmx, 3dnowpref, sse, sse2, sse3, ssse3, sse4.1, sse4.2, popcnt, lzcnt, tsc, tscinvbit, avx, avx2, aes, erms, clmul, bmi1, bmi2, adx, fma, vzeroupper, clflush

Memory: 4k page, system-wide physical 4007M (334M free)
TotalPageFile size 16295M (AvailPageFile size 0M)
current process WorkingSet (physical memory assigned to process): 49M, peak: 49M
current process commit charge ("private bytes"): 138M, peak: 138M

vm_info: OpenJDK 64-Bit Server VM (17.0.3+7) for windows-amd64 JRE (17.0.3+7), built on Apr 19 2022 16:55:35 by "" with MS VC++ 16.7 (VS2019)

END.
